0 info it worked if it ends with ok
1 verbose cli [ '/usr/bin/node',
1 verbose cli   '/usr/bin/npm',
1 verbose cli   'view',
1 verbose cli   '--json',
1 verbose cli   '--',
1 verbose cli   'eslint-config-brave',
1 verbose cli   'description',
1 verbose cli   'dist-tags.latest',
1 verbose cli   'homepage',
1 verbose cli   'version',
1 verbose cli   'time' ]
2 info using npm@3.5.2
3 info using node@v8.10.0
4 silly mapToRegistry name eslint-config-brave
5 silly mapToRegistry using default registry
6 silly mapToRegistry registry https://registry.npmjs.org/
7 silly mapToRegistry uri https://registry.npmjs.org/eslint-config-brave
8 verbose request uri https://registry.npmjs.org/eslint-config-brave
9 verbose request no auth needed
10 info attempt registry request try #1 at 5:16:59 PM
11 verbose request using bearer token for auth
12 verbose request id a23cd8e514ac46f7
13 http request GET https://registry.npmjs.org/eslint-config-brave
14 http 404 https://registry.npmjs.org/eslint-config-brave
15 verbose headers { date: 'Tue, 24 Oct 2023 00:16:58 GMT',
15 verbose headers   'content-type': 'application/json',
15 verbose headers   'content-length': '21',
15 verbose headers   connection: 'keep-alive',
15 verbose headers   'cf-ray': '81ae08bfcc2fbecc-YYC',
15 verbose headers   vary: 'Accept-Encoding',
15 verbose headers   server: 'cloudflare' }
16 silly get cb [ 404,
16 silly get   { date: 'Tue, 24 Oct 2023 00:16:58 GMT',
16 silly get     'content-type': 'application/json',
16 silly get     'content-length': '21',
16 silly get     connection: 'keep-alive',
16 silly get     'cf-ray': '81ae08bfcc2fbecc-YYC',
16 silly get     vary: 'Accept-Encoding',
16 silly get     server: 'cloudflare' } ]
17 verbose stack Error: Not found : eslint-config-brave
17 verbose stack     at makeError (/usr/share/npm/node_modules/npm-registry-client/lib/request.js:264:12)
17 verbose stack     at CachingRegistryClient.<anonymous> (/usr/share/npm/node_modules/npm-registry-client/lib/request.js:252:14)
17 verbose stack     at Request._callback (/usr/share/npm/node_modules/npm-registry-client/lib/request.js:172:14)
17 verbose stack     at Request.self.callback (/usr/share/npm/node_modules/request/request.js:198:22)
17 verbose stack     at emitTwo (events.js:126:13)
17 verbose stack     at Request.emit (events.js:214:7)
17 verbose stack     at Request.<anonymous> (/usr/share/npm/node_modules/request/request.js:1082:10)
17 verbose stack     at emitOne (events.js:121:20)
17 verbose stack     at Request.emit (events.js:211:7)
17 verbose stack     at IncomingMessage.<anonymous> (/usr/share/npm/node_modules/request/request.js:1009:12)
18 verbose statusCode 404
19 verbose pkgid eslint-config-brave
20 verbose cwd /home/labber/lighthouse/brave_lib/brave-alert-lib
21 error Linux 5.15.90.1-microsoft-standard-WSL2
22 error argv "/usr/bin/node" "/usr/bin/npm" "view" "--json" "--" "eslint-config-brave" "description" "dist-tags.latest" "homepage" "version" "time"
23 error node v8.10.0
24 error npm  v3.5.2
25 error code E404
26 error 404 Not found : eslint-config-brave
27 error 404
28 error 404 'eslint-config-brave' is not in the npm registry.
29 error 404 You should bug the author to publish it (or use the name yourself!)
30 error 404 Note that you can also install from a
31 error 404 tarball, folder, http url, or git url.
32 verbose exit [ 1, true ]
